#
# A fatal error has been detected by the Java Runtime Environment:
#
#  EXCEPTION_ACCESS_VIOLATION (0xc0000005) at pc=0x0000000002bb4a75, pid=336, tid=0x0000000000001f64
#
# JRE version: Java(TM) SE Runtime Environment (8.0_144-b01) (build 1.8.0_144-b01)
# Java VM: Java HotSpot(TM) 64-Bit Server VM (25.144-b01 mixed mode windows-amd64 compressed oops)
# Problematic frame:
# J 983 C1 sun.awt.SunToolkit.getAppContext(Ljava/lang/Object;)Lsun/awt/AppContext; (42 bytes) @ 0x0000000002bb4a75 [0x0000000002bb4a00+0x75]
#
# Failed to write core dump. Minidumps are not enabled by default on client versions of Windows
#
# If you would like to submit a bug report, please visit:
#   http://bugreport.java.com/bugreport/crash.jsp
#

---------------  T H R E A D  ---------------

Current thread (0x0000000019071800):  JavaThread "AWT-EventQueue-0" [_thread_in_Java, id=8036, stack(0x000000001a150000,0x000000001a250000)]

siginfo: ExceptionCode=0xc0000005, reading address 0x0000000000000078

Registers:
RAX=0x0000000016db0350, RBX=0x00000001000473e0, RCX=0x0000000017181338, RDX=0x000000001b8b0d50
RSP=0x000000001a249290, RBP=0x000000001a2493a0, RSI=0x00000000000007a8, RDI=0x0000000000000048
R8 =0x0000000016db02a0, R9 =0x0000000019061b00, R10=0x00000000700bf240, R11=0x0000000002b274e0
R12=0x0000000000000000, R13=0x000000001a249358, R14=0x000000001a2493b0, R15=0x0000000019071800
RIP=0x0000000002bb4a75, EFLAGS=0x0000000000010206

Top of Stack: (sp=0x000000001a249290)
0x000000001a249290:   0000000083633858 0000000019071800
0x000000001a2492a0:   0000000000000000 0000000016db0350
0x000000001a2492b0:   0000000019071800 00000000028599e7
0x000000001a2492c0:   000000001b8b0d50 00000000028480e0
0x000000001a2492d0:   000000001a2493a0 0000000002b2757c
0x000000001a2492e0:   00000000836da3f0 0000000019071800
0x000000001a2492f0:   000000001a2493b0 000000001708a9a5
0x000000001a249300:   0000000000000000 00000000836d9df8
0x000000001a249310:   000000001b8b0d50 00000000000000b8
0x000000001a249320:   000000001a2493a0 000000000286432c
0x000000001a249330:   00000000836d9d00 00000000000000b8
0x000000001a249340:   000000001a2493a0 00000000028480e0
0x000000001a249350:   00000000028480e0 000000001b8b0d50
0x000000001a249360:   000000001a249360 000000001708a9a5
0x000000001a249370:   000000001a2493b0 0000000017181338
0x000000001a249380:   0000000000000000 000000001708a9c8 

Instructions: (pc=0x0000000002bb4a75)
0x0000000002bb4a55:   81 8f 00 01 00 00 00 01 00 00 e9 c1 00 00 00 48
0x0000000002bb4a65:   bb e0 73 04 00 01 00 00 00 8b 7a 08 48 c1 e7 03
0x0000000002bb4a75:   48 3b 5f 30 0f 85 8a 00 00 00 48 bf 20 1e 86 1b
0x0000000002bb4a85:   00 00 00 00 8b 5a 08 48 c1 e3 03 48 3b 9f 10 01 


Register to memory mapping:

RAX={method} {0x0000000016db0358} 'targetToAppContext' '(Ljava/lang/Object;)Lsun/awt/AppContext;' in 'sun/awt/SunToolkit'
RBX=0x00000001000473e0 is pointing into metadata
RCX=0x0000000017181338 is pointing into metadata
RDX=0x000000001b8b0d50 is pointing into metadata
RSP=0x000000001a249290 is pointing into the stack for thread: 0x0000000019071800
RBP=0x000000001a2493a0 is pointing into the stack for thread: 0x0000000019071800
RSI=0x00000000000007a8 is an unknown value
RDI=0x0000000000000048 is an unknown value
R8 ={method} {0x0000000016db02a8} 'getAppContext' '(Ljava/lang/Object;)Lsun/awt/AppContext;' in 'sun/awt/SunToolkit'
R9 =0x0000000019061b00 is an unknown value
R10=0x00000000700bf240 is an unknown value
R11=0x0000000002b274e0 is at entry_point+0 in (nmethod*)0x0000000002b27350
R12=0x0000000000000000 is an unknown value
R13=0x000000001a249358 is pointing into the stack for thread: 0x0000000019071800
R14=0x000000001a2493b0 is pointing into the stack for thread: 0x0000000019071800
R15=0x0000000019071800 is a thread


Stack: [0x000000001a150000,0x000000001a250000],  sp=0x000000001a249290,  free space=996k
Native frames: (J=compiled Java code, j=interpreted, Vv=VM code, C=native code)
C  0x0000000002bb4a75


---------------  P R O C E S S  ---------------

Java Threads: ( => current thread )
=>0x0000000019071800 JavaThread "AWT-EventQueue-0" [_thread_in_Java, id=8036, stack(0x000000001a150000,0x000000001a250000)]
  0x000000001904f800 JavaThread "AWT-Windows" daemon [_thread_in_native, id=10440, stack(0x00000000197a0000,0x00000000198a0000)]
  0x000000001904f000 JavaThread "AWT-Shutdown" [_thread_blocked, id=2140, stack(0x00000000196a0000,0x00000000197a0000)]
  0x000000001904c800 JavaThread "Java2D Disposer" daemon [_thread_blocked, id=996, stack(0x0000000019500000,0x0000000019600000)]
  0x0000000002741000 JavaThread "DestroyJavaVM" [_thread_blocked, id=2176, stack(0x0000000002640000,0x0000000002740000)]
  0x0000000018d7b000 JavaThread "Thread-0" [_thread_in_native, id=4992, stack(0x00000000192c0000,0x00000000193c0000)]
  0x00000000173ce000 JavaThread "Service Thread" daemon [_thread_blocked, id=3092, stack(0x00000000190c0000,0x00000000191c0000)]
  0x0000000017379000 JavaThread "C1 CompilerThread2" daemon [_thread_blocked, id=1408, stack(0x0000000018bc0000,0x0000000018cc0000)]
  0x0000000017370000 JavaThread "C2 CompilerThread1" daemon [_thread_blocked, id=5936, stack(0x0000000018ac0000,0x0000000018bc0000)]
  0x000000001736d000 JavaThread "C2 CompilerThread0" daemon [_thread_blocked, id=8568, stack(0x00000000189c0000,0x0000000018ac0000)]
  0x000000001736b000 JavaThread "Attach Listener" daemon [_thread_blocked, id=4644, stack(0x00000000188c0000,0x00000000189c0000)]
  0x0000000017369800 JavaThread "Signal Dispatcher" daemon [_thread_blocked, id=3044, stack(0x00000000187c0000,0x00000000188c0000)]
  0x000000000283a000 JavaThread "Finalizer" daemon [_thread_blocked, id=1160, stack(0x00000000185d0000,0x00000000186d0000)]
  0x0000000002831000 JavaThread "Reference Handler" daemon [_thread_blocked, id=948, stack(0x00000000184d0000,0x00000000185d0000)]

Other Threads:
  0x0000000017337800 VMThread [stack: 0x00000000183d0000,0x00000000184d0000] [id=6048]
  0x0000000018d26800 WatcherThread [stack: 0x00000000191c0000,0x00000000192c0000] [id=11180]

VM state:not at safepoint (normal execution)

VM Mutex/Monitor currently owned by a thread: None

Heap:
 PSYoungGen      total 71680K, used 12760K [0x00000000d5f00000, 0x00000000daa00000, 0x0000000100000000)
  eden space 66560K, 19% used [0x00000000d5f00000,0x00000000d6b76368,0x00000000da000000)
  from space 5120K, 0% used [0x00000000da500000,0x00000000da500000,0x00000000daa00000)
  to   space 5120K, 0% used [0x00000000da000000,0x00000000da000000,0x00000000da500000)
 ParOldGen       total 117760K, used 31622K [0x0000000081c00000, 0x0000000088f00000, 0x00000000d5f00000)
  object space 117760K, 26% used [0x0000000081c00000,0x0000000083ae1bb0,0x0000000088f00000)
 Metaspace       used 10424K, capacity 10654K, committed 10880K, reserved 1058816K
  class space    used 1185K, capacity 1290K, committed 1408K, reserved 1048576K

Card table byte_map: [0x0000000011c00000,0x0000000012000000] byte_map_base: 0x00000000117f2000

Marking Bits: (ParMarkBitMap*) 0x00000000700dd850
 Begin Bits: [0x00000000126b0000, 0x0000000014640000)
 End Bits:   [0x0000000014640000, 0x00000000165d0000)

Polling page: 0x0000000000c60000

CodeCache: size=245760Kb used=3854Kb max_used=3863Kb free=241905Kb
 bounds [0x0000000002840000, 0x0000000002c10000, 0x0000000011840000]
 total_blobs=1575 nmethods=1102 adapters=386
 compilation: enabled

Compilation events (10 events):
Event: 5.799 Thread 0x0000000017379000 1098       1       java.awt.Component::isEnabledImpl (5 bytes)
Event: 5.799 Thread 0x0000000017379000 nmethod 1098 0x0000000002c06c10 code [0x0000000002c06d60, 0x0000000002c06e70]
Event: 5.799 Thread 0x0000000017379000 1099       3       sun.util.locale.LocaleUtils::toLower (17 bytes)
Event: 5.799 Thread 0x0000000017379000 nmethod 1099 0x0000000002c06790 code [0x0000000002c06900, 0x0000000002c06b70]
Event: 6.030 Thread 0x0000000017370000 1100       4       sun.java2d.SunGraphics2D::validateColor (102 bytes)
Event: 6.031 Thread 0x0000000017370000 nmethod 1100 0x0000000002c04bd0 code [0x0000000002c04d40, 0x0000000002c04f38]
Event: 6.034 Thread 0x0000000017379000 1101       3       java.lang.Thread::interrupted (8 bytes)
Event: 6.035 Thread 0x0000000017379000 nmethod 1101 0x0000000002c04810 code [0x0000000002c04980, 0x0000000002c04b08]
Event: 6.057 Thread 0x0000000017379000 1102       3       java.lang.Math::max (12 bytes)
Event: 6.057 Thread 0x0000000017379000 nmethod 1102 0x0000000002c043d0 code [0x0000000002c04520, 0x0000000002c046b0]

GC Heap History (6 events):
Event: 0.567 GC heap before
{Heap before GC invocations=1 (full 0):
 PSYoungGen      total 38400K, used 33280K [0x00000000d5f00000, 0x00000000d8980000, 0x0000000100000000)
  eden space 33280K, 100% used [0x00000000d5f00000,0x00000000d7f80000,0x00000000d7f80000)
  from space 5120K, 0% used [0x00000000d8480000,0x00000000d8480000,0x00000000d8980000)
  to   space 5120K, 0% used [0x00000000d7f80000,0x00000000d7f80000,0x00000000d8480000)
 ParOldGen       total 87552K, used 0K [0x0000000081c00000, 0x0000000087180000, 0x00000000d5f00000)
  object space 87552K, 0% used [0x0000000081c00000,0x0000000081c00000,0x0000000087180000)
 Metaspace       used 9712K, capacity 9910K, committed 10240K, reserved 1058816K
  class space    used 1143K, capacity 1194K, committed 1280K, reserved 1048576K
Event: 0.575 GC heap after
Heap after GC invocations=1 (full 0):
 PSYoungGen      total 38400K, used 4236K [0x00000000d5f00000, 0x00000000daa00000, 0x0000000100000000)
  eden space 33280K, 0% used [0x00000000d5f00000,0x00000000d5f00000,0x00000000d7f80000)
  from space 5120K, 82% used [0x00000000d7f80000,0x00000000d83a3010,0x00000000d8480000)
  to   space 5120K, 0% used [0x00000000da500000,0x00000000da500000,0x00000000daa00000)
 ParOldGen       total 87552K, used 33350K [0x0000000081c00000, 0x0000000087180000, 0x00000000d5f00000)
  object space 87552K, 38% used [0x0000000081c00000,0x0000000083c918a0,0x0000000087180000)
 Metaspace       used 9712K, capacity 9910K, committed 10240K, reserved 1058816K
  class space    used 1143K, capacity 1194K, committed 1280K, reserved 1048576K
}
Event: 0.786 GC heap before
{Heap before GC invocations=2 (full 0):
 PSYoungGen      total 38400K, used 37516K [0x00000000d5f00000, 0x00000000daa00000, 0x0000000100000000)
  eden space 33280K, 100% used [0x00000000d5f00000,0x00000000d7f80000,0x00000000d7f80000)
  from space 5120K, 82% used [0x00000000d7f80000,0x00000000d83a3010,0x00000000d8480000)
  to   space 5120K, 0% used [0x00000000da500000,0x00000000da500000,0x00000000daa00000)
 ParOldGen       total 87552K, used 33350K [0x0000000081c00000, 0x0000000087180000, 0x00000000d5f00000)
  object space 87552K, 38% used [0x0000000081c00000,0x0000000083c918a0,0x0000000087180000)
 Metaspace       used 10044K, capacity 10230K, committed 10496K, reserved 1058816K
  class space    used 1171K, capacity 1258K, committed 1280K, reserved 1048576K
Event: 0.793 GC heap after
Heap after GC invocations=2 (full 0):
 PSYoungGen      total 71680K, used 4956K [0x00000000d5f00000, 0x00000000daa00000, 0x0000000100000000)
  eden space 66560K, 0% used [0x00000000d5f00000,0x00000000d5f00000,0x00000000da000000)
  from space 5120K, 96% used [0x00000000da500000,0x00000000da9d7020,0x00000000daa00000)
  to   space 5120K, 0% used [0x00000000da000000,0x00000000da000000,0x00000000da500000)
 ParOldGen       total 87552K, used 52933K [0x0000000081c00000, 0x0000000087180000, 0x00000000d5f00000)
  object space 87552K, 60% used [0x0000000081c00000,0x0000000084fb1520,0x0000000087180000)
 Metaspace       used 10044K, capacity 10230K, committed 10496K, reserved 1058816K
  class space    used 1171K, capacity 1258K, committed 1280K, reserved 1048576K
}
Event: 0.793 GC heap before
{Heap before GC invocations=3 (full 1):
 PSYoungGen      total 71680K, used 4956K [0x00000000d5f00000, 0x00000000daa00000, 0x0000000100000000)
  eden space 66560K, 0% used [0x00000000d5f00000,0x00000000d5f00000,0x00000000da000000)
  from space 5120K, 96% used [0x00000000da500000,0x00000000da9d7020,0x00000000daa00000)
  to   space 5120K, 0% used [0x00000000da000000,0x00000000da000000,0x00000000da500000)
 ParOldGen       total 87552K, used 52933K [0x0000000081c00000, 0x0000000087180000, 0x00000000d5f00000)
  object space 87552K, 60% used [0x0000000081c00000,0x0000000084fb1520,0x0000000087180000)
 Metaspace       used 10044K, capacity 10230K, committed 10496K, reserved 1058816K
  class space    used 1171K, capacity 1258K, committed 1280K, reserved 1048576K
Event: 0.809 GC heap after
Heap after GC invocations=3 (full 1):
 PSYoungGen      total 71680K, used 0K [0x00000000d5f00000, 0x00000000daa00000, 0x0000000100000000)
  eden space 66560K, 0% used [0x00000000d5f00000,0x00000000d5f00000,0x00000000da000000)
  from space 5120K, 0% used [0x00000000da500000,0x00000000da500000,0x00000000daa00000)
  to   space 5120K, 0% used [0x00000000da000000,0x00000000da000000,0x00000000da500000)
 ParOldGen       total 117760K, used 31622K [0x0000000081c00000, 0x0000000088f00000, 0x00000000d5f00000)
  object space 117760K, 26% used [0x0000000081c00000,0x0000000083ae1bb0,0x0000000088f00000)
 Metaspace       used 10044K, capacity 10230K, committed 10496K, reserved 1058816K
  class space    used 1171K, capacity 1258K, committed 1280K, reserved 1048576K
}

Deoptimization events (10 events):
Event: 0.695 Thread 0x0000000018d7b000 Uncommon trap: reason=unstable_if action=reinterpret pc=0x0000000002a66d44 method=dev.codenmore.footballgame.Game.run()V @ 70
Event: 0.733 Thread 0x0000000018d7b000 Uncommon trap: reason=class_check action=maybe_recompile pc=0x00000000029c64a8 method=java.lang.String.equals(Ljava/lang/Object;)Z @ 8
Event: 0.733 Thread 0x0000000018d7b000 Uncommon trap: reason=class_check action=maybe_recompile pc=0x00000000029c64a8 method=java.lang.String.equals(Ljava/lang/Object;)Z @ 8
Event: 0.733 Thread 0x0000000018d7b000 Uncommon trap: reason=class_check action=maybe_recompile pc=0x00000000029c64a8 method=java.lang.String.equals(Ljava/lang/Object;)Z @ 8
Event: 0.733 Thread 0x0000000018d7b000 Uncommon trap: reason=class_check action=maybe_recompile pc=0x00000000029c64a8 method=java.lang.String.equals(Ljava/lang/Object;)Z @ 8
Event: 0.769 Thread 0x0000000018d7b000 Uncommon trap: reason=unstable_if action=reinterpret pc=0x00000000029ffeac method=java.lang.Math.abs(I)I @ 1
Event: 0.821 Thread 0x0000000018d7b000 Uncommon trap: reason=unstable_if action=reinterpret pc=0x0000000002a78da8 method=java.lang.String.toLowerCase(Ljava/util/Locale;)Ljava/lang/String; @ 37
Event: 0.821 Thread 0x0000000018d7b000 Uncommon trap: reason=unstable_if action=reinterpret pc=0x00000000029ebf40 method=java.lang.CharacterData.of(I)Ljava/lang/CharacterData; @ 4
Event: 0.826 Thread 0x0000000018d7b000 Uncommon trap: reason=unstable_if action=reinterpret pc=0x0000000002b15ad0 method=java.lang.Character.isSurrogate(C)Z @ 3
Event: 1.691 Thread 0x0000000018d7b000 Uncommon trap: reason=unstable_if action=reinterpret pc=0x0000000002a6ef0c method=dev.codenmore.footballgame.Game.run()V @ 96

Internal exceptions (10 events):
Event: 0.100 Thread 0x0000000018d7b000 Exception <a 'java/security/PrivilegedActionException'> (0x00000000d6111698) thrown at [C:\re\workspace\8-2-build-windows-amd64-cygwin\jdk8u144\9417\hotspot\src\share\vm\prims\jvm.cpp, line 1390]
Event: 0.100 Thread 0x0000000018d7b000 Exception <a 'java/security/PrivilegedActionException'> (0x00000000d61118a8) thrown at [C:\re\workspace\8-2-build-windows-amd64-cygwin\jdk8u144\9417\hotspot\src\share\vm\prims\jvm.cpp, line 1390]
Event: 0.104 Thread 0x0000000018d7b000 Exception <a 'java/io/FileNotFoundException'> (0x00000000d6113e20) thrown at [C:\re\workspace\8-2-build-windows-amd64-cygwin\jdk8u144\9417\hotspot\src\share\vm\prims\jni.cpp, line 709]
Event: 0.130 Thread 0x0000000018d7b000 Exception <a 'java/lang/NoSuchFieldError': method resolution failed> (0x00000000d61e15c8) thrown at [C:\re\workspace\8-2-build-windows-amd64-cygwin\jdk8u144\9417\hotspot\src\share\vm\prims\methodHandles.cpp, line 1146]
Event: 0.131 Thread 0x0000000018d7b000 Exception <a 'java/lang/NoSuchFieldError': method resolution failed> (0x00000000d61ee998) thrown at [C:\re\workspace\8-2-build-windows-amd64-cygwin\jdk8u144\9417\hotspot\src\share\vm\prims\methodHandles.cpp, line 1146]
Event: 0.163 Thread 0x0000000018d7b000 Exception <a 'java/io/FileNotFoundException'> (0x00000000d6282aa0) thrown at [C:\re\workspace\8-2-build-windows-amd64-cygwin\jdk8u144\9417\hotspot\src\share\vm\prims\jni.cpp, line 709]
Event: 0.183 Thread 0x0000000018d7b000 Implicit null exception at 0x00000000029aebdb to 0x00000000029aed8d
Event: 0.720 Thread 0x0000000018d7b000 Exception <a 'java/io/FileNotFoundException'> (0x00000000d7424cf8) thrown at [C:\re\workspace\8-2-build-windows-amd64-cygwin\jdk8u144\9417\hotspot\src\share\vm\prims\jni.cpp, line 709]
Event: 0.724 Thread 0x0000000018d7b000 Exception <a 'java/io/FileNotFoundException'> (0x00000000d7c84c70) thrown at [C:\re\workspace\8-2-build-windows-amd64-cygwin\jdk8u144\9417\hotspot\src\share\vm\prims\jni.cpp, line 709]
Event: 6.057 Thread 0x0000000019071800 Implicit null exception at 0x0000000002bb4a75 to 0x0000000000000000

Events (10 events):
Event: 0.854 loading class sun/font/T2KFontScaler done
Event: 0.854 loading class sun/font/T2KFontScaler$1
Event: 0.854 loading class sun/font/T2KFontScaler$1 done
Event: 1.691 Thread 0x0000000018d7b000 Uncommon trap: trap_request=0xffffff65 fr.pc=0x0000000002a6ef0c
Event: 1.691 Thread 0x0000000018d7b000 DEOPT PACKING pc=0x0000000002a6ef0c sp=0x00000000193bf1f0
Event: 1.691 Thread 0x0000000018d7b000 DEOPT UNPACKING pc=0x000000000288582a sp=0x00000000193bf178 mode 2
Event: 1.704 Thread 0x0000000018d7b000 DEOPT PACKING pc=0x0000000002b9d978 sp=0x00000000193bf120
Event: 1.704 Thread 0x0000000018d7b000 DEOPT UNPACKING pc=0x000000000288787f sp=0x00000000193beed0 mode 0
Event: 4.146 Executing VM operation: EnableBiasedLocking
Event: 4.147 Executing VM operation: EnableBiasedLocking done


Dynamic libraries:
0x00007ff64b180000 - 0x00007ff64b1b7000 	C:\Program Files\Java\jdk1.8.0_144\bin\java.exe
0x00007ffd86280000 - 0x00007ffd86461000 	C:\WINDOWS\SYSTEM32\ntdll.dll
0x00007ffd83d70000 - 0x00007ffd83e22000 	C:\WINDOWS\System32\KERNEL32.DLL
0x00007ffd82c30000 - 0x00007ffd82ea3000 	C:\WINDOWS\System32\KERNELBASE.dll
0x00007ffd85400000 - 0x00007ffd854a1000 	C:\WINDOWS\System32\ADVAPI32.dll
0x00007ffd85dc0000 - 0x00007ffd85e5e000 	C:\WINDOWS\System32\msvcrt.dll
0x00007ffd85ce0000 - 0x00007ffd85d3b000 	C:\WINDOWS\System32\sechost.dll
0x00007ffd85bb0000 - 0x00007ffd85cd4000 	C:\WINDOWS\System32\RPCRT4.dll
0x00007ffd83800000 - 0x00007ffd83990000 	C:\WINDOWS\System32\USER32.dll
0x00007ffd83610000 - 0x00007ffd83630000 	C:\WINDOWS\System32\win32u.dll
0x00007ffd860f0000 - 0x00007ffd86118000 	C:\WINDOWS\System32\GDI32.dll
0x00007ffd82650000 - 0x00007ffd827e2000 	C:\WINDOWS\System32\gdi32full.dll
0x00007ffd829a0000 - 0x00007ffd82a3f000 	C:\WINDOWS\System32\msvcp_win.dll
0x00007ffd828a0000 - 0x00007ffd8299a000 	C:\WINDOWS\System32\ucrtbase.dll
0x00007ffd75050000 - 0x00007ffd752b9000 	C:\WINDOWS\WinSxS\amd64_microsoft.windows.common-controls_6595b64144ccf1df_6.0.17134.285_none_fb4297e330656775\COMCTL32.dll
0x00007ffd83990000 - 0x00007ffd83cb3000 	C:\WINDOWS\System32\combase.dll
0x00007ffd83690000 - 0x00007ffd8370a000 	C:\WINDOWS\System32\bcryptPrimitives.dll
0x00007ffd85b20000 - 0x00007ffd85b4d000 	C:\WINDOWS\System32\IMM32.DLL
0x000000006f7e0000 - 0x000000006f8b2000 	C:\Program Files\Java\jdk1.8.0_144\jre\bin\msvcr100.dll
0x000000006f8c0000 - 0x000000007015d000 	C:\Program Files\Java\jdk1.8.0_144\jre\bin\server\jvm.dll
0x00007ffd85270000 - 0x00007ffd85278000 	C:\WINDOWS\System32\PSAPI.DLL
0x00007ffd7e760000 - 0x00007ffd7e769000 	C:\WINDOWS\SYSTEM32\WSOCK32.dll
0x00007ffd80140000 - 0x00007ffd80163000 	C:\WINDOWS\SYSTEM32\WINMM.dll
0x00007ffd77620000 - 0x00007ffd7762a000 	C:\WINDOWS\SYSTEM32\VERSION.dll
0x00007ffd85ab0000 - 0x00007ffd85b1c000 	C:\WINDOWS\System32\WS2_32.dll
0x00007ffd80110000 - 0x00007ffd8013a000 	C:\WINDOWS\SYSTEM32\WINMMBASE.dll
0x00007ffd82eb0000 - 0x00007ffd82ef9000 	C:\WINDOWS\System32\cfgmgr32.dll
0x000000006f790000 - 0x000000006f79f000 	C:\Program Files\Java\jdk1.8.0_144\jre\bin\verify.dll
0x000000006f760000 - 0x000000006f789000 	C:\Program Files\Java\jdk1.8.0_144\jre\bin\java.dll
0x000000006f740000 - 0x000000006f756000 	C:\Program Files\Java\jdk1.8.0_144\jre\bin\zip.dll
0x00007ffd83e30000 - 0x00007ffd85270000 	C:\WINDOWS\System32\SHELL32.dll
0x00007ffd861a0000 - 0x00007ffd86249000 	C:\WINDOWS\System32\shcore.dll
0x00007ffd82f00000 - 0x00007ffd8360d000 	C:\WINDOWS\System32\windows.storage.dll
0x00007ffd86120000 - 0x00007ffd86171000 	C:\WINDOWS\System32\shlwapi.dll
0x00007ffd82610000 - 0x00007ffd82621000 	C:\WINDOWS\System32\kernel.appcore.dll
0x00007ffd82630000 - 0x00007ffd8264f000 	C:\WINDOWS\System32\profapi.dll
0x00007ffd825a0000 - 0x00007ffd825ec000 	C:\WINDOWS\System32\powrprof.dll
0x00007ffd82590000 - 0x00007ffd8259a000 	C:\WINDOWS\System32\FLTLIB.DLL
0x000000006f560000 - 0x000000006f6f8000 	C:\Program Files\Java\jdk1.8.0_144\jre\bin\awt.dll
0x00007ffd86020000 - 0x00007ffd860e2000 	C:\WINDOWS\System32\OLEAUT32.dll
0x00007ffd80910000 - 0x00007ffd8099b000 	C:\WINDOWS\SYSTEM32\apphelp.dll
0x00007ffd80d20000 - 0x00007ffd80d49000 	C:\WINDOWS\system32\DWMAPI.DLL
0x00007ffd80a80000 - 0x00007ffd80b18000 	C:\WINDOWS\system32\uxtheme.dll
0x00007ffd71d50000 - 0x00007ffd71e70000 	C:\WINDOWS\system32\opengl32.dll
0x00007ffd72e00000 - 0x00007ffd72e2c000 	C:\WINDOWS\SYSTEM32\GLU32.dll
0x00007ffd85280000 - 0x00007ffd853f5000 	C:\WINDOWS\System32\MSCTF.dll
0x00007ffd85e60000 - 0x00007ffd85fb1000 	C:\WINDOWS\System32\ole32.dll
0x000000006f510000 - 0x000000006f557000 	C:\Program Files\Java\jdk1.8.0_144\jre\bin\fontmanager.dll
0x00007ffd7b410000 - 0x00007ffd7b4a7000 	C:\WINDOWS\System32\TextInputFramework.dll
0x00007ffd7e000000 - 0x00007ffd7e31e000 	C:\WINDOWS\System32\CoreUIComponents.dll
0x00007ffd80710000 - 0x00007ffd807ea000 	C:\WINDOWS\System32\CoreMessaging.dll
0x00007ffd81680000 - 0x00007ffd816b1000 	C:\WINDOWS\SYSTEM32\ntmarta.dll
0x00007ffd7deb0000 - 0x00007ffd7dffd000 	C:\WINDOWS\SYSTEM32\wintypes.dll
0x00007ffd81f60000 - 0x00007ffd81f77000 	C:\WINDOWS\SYSTEM32\CRYPTSP.dll
0x00007ffd81990000 - 0x00007ffd819c3000 	C:\WINDOWS\system32\rsaenh.dll
0x00007ffd820f0000 - 0x00007ffd82115000 	C:\WINDOWS\SYSTEM32\bcrypt.dll
0x00007ffd82490000 - 0x00007ffd824b8000 	C:\WINDOWS\SYSTEM32\USERENV.dll
0x00007ffd81f80000 - 0x00007ffd81f8b000 	C:\WINDOWS\SYSTEM32\CRYPTBASE.dll
0x000000006f720000 - 0x000000006f73a000 	C:\Program Files\Java\jdk1.8.0_144\jre\bin\net.dll
0x00007ffd81db0000 - 0x00007ffd81e16000 	C:\WINDOWS\system32\mswsock.dll
0x00007ffd81b30000 - 0x00007ffd81b68000 	C:\WINDOWS\SYSTEM32\IPHLPAPI.DLL
0x00007ffd83cc0000 - 0x00007ffd83cc8000 	C:\WINDOWS\System32\NSI.dll
0x00007ffd7cb30000 - 0x00007ffd7cb46000 	C:\WINDOWS\SYSTEM32\dhcpcsvc6.DLL
0x00007ffd7c840000 - 0x00007ffd7c85a000 	C:\WINDOWS\SYSTEM32\dhcpcsvc.DLL
0x000000006f700000 - 0x000000006f711000 	C:\Program Files\Java\jdk1.8.0_144\jre\bin\nio.dll
0x00007ffd83cd0000 - 0x00007ffd83d70000 	C:\WINDOWS\System32\clbcatq.dll
0x000000006f420000 - 0x000000006f451000 	C:\Program Files\Java\jdk1.8.0_144\jre\bin\jpeg.dll
0x000000006f3e0000 - 0x000000006f41c000 	C:\Program Files\Java\jdk1.8.0_144\jre\bin\lcms.dll
0x000000006f4c0000 - 0x000000006f502000 	C:\Program Files\Java\jdk1.8.0_144\jre\bin\t2k.dll
0x00007ffd76720000 - 0x00007ffd768e9000 	C:\WINDOWS\SYSTEM32\dbghelp.dll

VM Arguments:
jvm_args: -Dfile.encoding=UTF-8 
java_command: dev.codenmore.footballgame.Launcher
java_class_path (initial): E:\GAME\FootballGame\build\classes
Launcher Type: SUN_STANDARD

Environment Variables:
PATH=C:\Program Files (x86)\Common Files\Oracle\Java\javapath;C:\ProgramData\Oracle\Java\javapath;C:\Program Files (x86)\Intel\iCLS Client\;C:\Program Files\Intel\iCLS Client\;C:\WINDOWS\system32;C:\WINDOWS;C:\WINDOWS\System32\Wbem;C:\WINDOWS\System32\WindowsPowerShell\v1.0\;C:\Program Files (x86)\Intel\Intel(R) Management Engine Components\DAL;C:\Program Files\Intel\Intel(R) Management Engine Components\DAL;C:\Program Files (x86)\Intel\Intel(R) Management Engine Components\IPT;C:\Program Files\Intel\Intel(R) Management Engine Components\IPT;C:\Program Files (x86)\Microsoft SQL Server\100\Tools\Binn\;C:\Program Files\Microsoft SQL Server\100\Tools\Binn\;C:\Program Files\Microsoft SQL Server\100\DTS\Binn\;C:\WINDOWS\System32\OpenSSH\;D:\CodeBlocks\MinGW\bin;%USERPROFILE%\AppData\Local\Microsoft\WindowsApps;
USERNAME=pc
OS=Windows_NT
PROCESSOR_IDENTIFIER=Intel64 Family 6 Model 158 Stepping 9, GenuineIntel



---------------  S Y S T E M  ---------------

OS: Windows 10.0 , 64 bit Build 17134 (10.0.17134.1)

CPU:total 4 (initial active 4) (4 cores per cpu, 1 threads per core) family 6 model 158 stepping 9, cmov, cx8, fxsr, mmx, sse, sse2, sse3, ssse3, sse4.1, sse4.2, popcnt, avx, avx2, aes, clmul, erms, rtm, 3dnowpref, lzcnt, tsc, tscinvbit, bmi1, bmi2, adx

Memory: 4k page, physical 8272792k(3052036k free), swap 9968728k(2915260k free)

vm_info: Java HotSpot(TM) 64-Bit Server VM (25.144-b01) for windows-amd64 JRE (1.8.0_144-b01), built on Jul 21 2017 21:57:33 by "java_re" with MS VC++ 10.0 (VS2010)

time: Fri Sep 21 22:33:05 2018
elapsed time: 6 seconds (0d 0h 0m 6s)

